# JRE version: OpenJDK Runtime Environment (8.0_212-b03) (build 1.8.0_212-8u212-b03-0ubuntu1.16.04.1-b03)
# Java VM: OpenJDK 64-Bit Server VM (25.212-b03 mixed mode linux-amd64 compressed oops)
Heap:
 PSYoungGen      total 139264K, used 101809K [0x000000076cf00000, 0x000000077f000000, 0x00000007c0000000)
  eden space 129024K, 78% used [0x000000076cf00000,0x000000077326c5a0,0x0000000774d00000)
  from space 10240K, 0% used [0x0000000774d00000,0x0000000774d00000,0x0000000775700000)
  to   space 18944K, 0% used [0x000000077dd80000,0x000000077dd80000,0x000000077f000000)
 ParOldGen       total 127488K, used 23923K [0x00000006c6c00000, 0x00000006ce880000, 0x000000076cf00000)
  object space 127488K, 18% used [0x00000006c6c00000,0x00000006c835cee8,0x00000006ce880000)
 Metaspace       used 22897K, capacity 23470K, committed 23552K, reserved 1071104K
  class space    used 2627K, capacity 2810K, committed 2816K, reserved 1048576K
GC Heap History (10 events):
Event: 1.218 GC heap before
{Heap before GC invocations=2 (full 0):
 PSYoungGen      total 74752K, used 73328K [0x000000076cf00000, 0x0000000772200000, 0x00000007c0000000)
  eden space 64512K, 100% used [0x000000076cf00000,0x0000000770e00000,0x0000000770e00000)
  from space 10240K, 86% used [0x0000000770e00000,0x000000077169c3f8,0x0000000771800000)
  to   space 10240K, 0% used [0x0000000771800000,0x0000000771800000,0x0000000772200000)
 ParOldGen       total 171008K, used 16K [0x00000006c6c00000, 0x00000006d1300000, 0x000000076cf00000)
  object space 171008K, 0% used [0x00000006c6c00000,0x00000006c6c04000,0x00000006d1300000)
 Metaspace       used 14554K, capacity 14754K, committed 14976K, reserved 1062912K
  class space    used 1728K, capacity 1813K, committed 1920K, reserved 1048576K
Event: 1.230 GC heap after
Heap after GC invocations=2 (full 0):
 PSYoungGen      total 74752K, used 10237K [0x000000076cf00000, 0x0000000776100000, 0x00000007c0000000)
  eden space 64512K, 0% used [0x000000076cf00000,0x000000076cf00000,0x0000000770e00000)
  from space 10240K, 99% used [0x0000000771800000,0x00000007721ff628,0x0000000772200000)
  to   space 10240K, 0% used [0x0000000770e00000,0x0000000770e00000,0x0000000771800000)
 ParOldGen       total 171008K, used 2038K [0x00000006c6c00000, 0x00000006d1300000, 0x000000076cf00000)
  object space 171008K, 1% used [0x00000006c6c00000,0x00000006c6dfd8a0,0x00000006d1300000)
 Metaspace       used 14554K, capacity 14754K, committed 14976K, reserved 1062912K
  class space    used 1728K, capacity 1813K, committed 1920K, reserved 1048576K
}
Event: 1.531 GC heap before
{Heap before GC invocations=3 (full 0):
 PSYoungGen      total 74752K, used 74749K [0x000000076cf00000, 0x0000000776100000, 0x00000007c0000000)
  eden space 64512K, 100% used [0x000000076cf00000,0x0000000770e00000,0x0000000770e00000)
  from space 10240K, 99% used [0x0000000771800000,0x00000007721ff628,0x0000000772200000)
  to   space 10240K, 0% used [0x0000000770e00000,0x0000000770e00000,0x0000000771800000)
 ParOldGen       total 171008K, used 2038K [0x00000006c6c00000, 0x00000006d1300000, 0x000000076cf00000)
  object space 171008K, 1% used [0x00000006c6c00000,0x00000006c6dfd8a0,0x00000006d1300000)
 Metaspace       used 15072K, capacity 15270K, committed 15488K, reserved 1062912K
  class space    used 1764K, capacity 1851K, committed 1920K, reserved 1048576K
Event: 1.550 GC heap after
Heap after GC invocations=3 (full 0):
 PSYoungGen      total 74752K, used 10208K [0x000000076cf00000, 0x0000000776100000, 0x00000007c0000000)
  eden space 64512K, 0% used [0x000000076cf00000,0x000000076cf00000,0x0000000770e00000)
  from space 10240K, 99% used [0x0000000770e00000,0x00000007717f8020,0x0000000771800000)
  to   space 10240K, 0% used [0x0000000775700000,0x0000000775700000,0x0000000776100000)
 ParOldGen       total 171008K, used 6973K [0x00000006c6c00000, 0x00000006d1300000, 0x000000076cf00000)
  object space 171008K, 4% used [0x00000006c6c00000,0x00000006c72cf578,0x00000006d1300000)
 Metaspace       used 15072K, capacity 15270K, committed 15488K, reserved 1062912K
  class space    used 1764K, capacity 1851K, committed 1920K, reserved 1048576K
}
Event: 1.793 GC heap before
{Heap before GC invocations=4 (full 0):
 PSYoungGen      total 74752K, used 74720K [0x000000076cf00000, 0x0000000776100000, 0x00000007c0000000)
  eden space 64512K, 100% used [0x000000076cf00000,0x0000000770e00000,0x0000000770e00000)
  from space 10240K, 99% used [0x0000000770e00000,0x00000007717f8020,0x0000000771800000)
  to   space 10240K, 0% used [0x0000000775700000,0x0000000775700000,0x0000000776100000)
 ParOldGen       total 171008K, used 6973K [0x00000006c6c00000, 0x00000006d1300000, 0x000000076cf00000)
  object space 171008K, 4% used [0x00000006c6c00000,0x00000006c72cf578,0x00000006d1300000)
 Metaspace       used 15460K, capacity 15698K, committed 15744K, reserved 1062912K
  class space    used 1779K, capacity 1885K, committed 1920K, reserved 1048576K
Event: 1.811 GC heap after
Heap after GC invocations=4 (full 0):
 PSYoungGen      total 139264K, used 10224K [0x000000076cf00000, 0x0000000776100000, 0x00000007c0000000)
  eden space 129024K, 0% used [0x000000076cf00000,0x000000076cf00000,0x0000000774d00000)
  from space 10240K, 99% used [0x0000000775700000,0x00000007760fc030,0x0000000776100000)
  to   space 10240K, 0% used [0x0000000774d00000,0x0000000774d00000,0x0000000775700000)
 ParOldGen       total 171008K, used 11842K [0x00000006c6c00000, 0x00000006d1300000, 0x000000076cf00000)
  object space 171008K, 6% used [0x00000006c6c00000,0x00000006c7790be0,0x00000006d1300000)
 Metaspace       used 15460K, capacity 15698K, committed 15744K, reserved 1062912K
  class space    used 1779K, capacity 1885K, committed 1920K, reserved 1048576K
}
Event: 2.203 GC heap before
{Heap before GC invocations=5 (full 0):
 PSYoungGen      total 139264K, used 95236K [0x000000076cf00000, 0x0000000776100000, 0x00000007c0000000)
  eden space 129024K, 65% used [0x000000076cf00000,0x00000007722051b8,0x0000000774d00000)
  from space 10240K, 99% used [0x0000000775700000,0x00000007760fc030,0x0000000776100000)
  to   space 10240K, 0% used [0x0000000774d00000,0x0000000774d00000,0x0000000775700000)
 ParOldGen       total 171008K, used 11842K [0x00000006c6c00000, 0x00000006d1300000, 0x000000076cf00000)
  object space 171008K, 6% used [0x00000006c6c00000,0x00000006c7790be0,0x00000006d1300000)
 Metaspace       used 20680K, capacity 21104K, committed 21296K, reserved 1069056K
  class space    used 2429K, capacity 2582K, committed 2688K, reserved 1048576K
Event: 2.217 GC heap after
Heap after GC invocations=5 (full 0):
 PSYoungGen      total 139264K, used 10224K [0x000000076cf00000, 0x000000077f000000, 0x00000007c0000000)
  eden space 129024K, 0% used [0x000000076cf00000,0x000000076cf00000,0x0000000774d00000)
  from space 10240K, 99% used [0x0000000774d00000,0x00000007756fc030,0x0000000775700000)
  to   space 18944K, 0% used [0x000000077dd80000,0x000000077dd80000,0x000000077f000000)
 ParOldGen       total 171008K, used 16716K [0x00000006c6c00000, 0x00000006d1300000, 0x000000076cf00000)
  object space 171008K, 9% used [0x00000006c6c00000,0x00000006c7c53348,0x00000006d1300000)
 Metaspace       used 20680K, capacity 21104K, committed 21296K, reserved 1069056K
  class space    used 2429K, capacity 2582K, committed 2688K, reserved 1048576K
}
Event: 2.217 GC heap before
{Heap before GC invocations=6 (full 1):
 PSYoungGen      total 139264K, used 10224K [0x000000076cf00000, 0x000000077f000000, 0x00000007c0000000)
  eden space 129024K, 0% used [0x000000076cf00000,0x000000076cf00000,0x0000000774d00000)
  from space 10240K, 99% used [0x0000000774d00000,0x00000007756fc030,0x0000000775700000)
  to   space 18944K, 0% used [0x000000077dd80000,0x000000077dd80000,0x000000077f000000)
 ParOldGen       total 171008K, used 16716K [0x00000006c6c00000, 0x00000006d1300000, 0x000000076cf00000)
  object space 171008K, 9% used [0x00000006c6c00000,0x00000006c7c53348,0x00000006d1300000)
 Metaspace       used 20680K, capacity 21104K, committed 21296K, reserved 1069056K
  class space    used 2429K, capacity 2582K, committed 2688K, reserved 1048576K
Event: 2.294 GC heap after
Heap after GC invocations=6 (full 1):
 PSYoungGen      total 139264K, used 0K [0x000000076cf00000, 0x000000077f000000, 0x00000007c0000000)
  eden space 129024K, 0% used [0x000000076cf00000,0x000000076cf00000,0x0000000774d00000)
  from space 10240K, 0% used [0x0000000774d00000,0x0000000774d00000,0x0000000775700000)
  to   space 18944K, 0% used [0x000000077dd80000,0x000000077dd80000,0x000000077f000000)
 ParOldGen       total 127488K, used 23923K [0x00000006c6c00000, 0x00000006ce880000, 0x000000076cf00000)
  object space 127488K, 18% used [0x00000006c6c00000,0x00000006c835cee8,0x00000006ce880000)
 Metaspace       used 20680K, capacity 21104K, committed 21296K, reserved 1069056K
  class space    used 2429K, capacity 2582K, committed 2688K, reserved 1048576K
}

