# JRE version: OpenJDK Runtime Environment (8.0_212-b03) (build 1.8.0_212-8u212-b03-0ubuntu1.16.04.1-b03)
# Java VM: OpenJDK 64-Bit Server VM (25.212-b03 mixed mode linux-amd64 compressed oops)
Heap:
 PSYoungGen      total 343552K, used 4242K [0x000000076cf00000, 0x0000000782e80000, 0x00000007c0000000)
  eden space 328192K, 0% used [0x000000076cf00000,0x000000076cf00000,0x0000000780f80000)
  from space 15360K, 27% used [0x0000000781f80000,0x00000007823a49e8,0x0000000782e80000)
  to   space 15872K, 0% used [0x0000000780f80000,0x0000000780f80000,0x0000000781f00000)
 ParOldGen       total 189952K, used 18170K [0x00000006c6c00000, 0x00000006d2580000, 0x000000076cf00000)
  object space 189952K, 9% used [0x00000006c6c00000,0x00000006c7dbe948,0x00000006d2580000)
 Metaspace       used 46012K, capacity 48824K, committed 48896K, reserved 1091584K
  class space    used 6077K, capacity 6596K, committed 6656K, reserved 1048576K
GC Heap History (10 events):
Event: 898.865 GC heap after
Heap after GC invocations=15 (full 5):
 PSYoungGen      total 345088K, used 4252K [0x000000076cf00000, 0x0000000783080000, 0x00000007c0000000)
  eden space 328192K, 0% used [0x000000076cf00000,0x000000076cf00000,0x0000000780f80000)
  from space 16896K, 25% used [0x0000000782000000,0x00000007824271c0,0x0000000783080000)
  to   space 16896K, 0% used [0x0000000780f80000,0x0000000780f80000,0x0000000782000000)
 ParOldGen       total 189952K, used 17688K [0x00000006c6c00000, 0x00000006d2580000, 0x000000076cf00000)
  object space 189952K, 9% used [0x00000006c6c00000,0x00000006c7d463c8,0x00000006d2580000)
 Metaspace       used 45194K, capacity 47844K, committed 48000K, reserved 1091584K
  class space    used 5987K, capacity 6478K, committed 6528K, reserved 1048576K
}
Event: 898.865 GC heap before
{Heap before GC invocations=16 (full 6):
 PSYoungGen      total 345088K, used 4252K [0x000000076cf00000, 0x0000000783080000, 0x00000007c0000000)
  eden space 328192K, 0% used [0x000000076cf00000,0x000000076cf00000,0x0000000780f80000)
  from space 16896K, 25% used [0x0000000782000000,0x00000007824271c0,0x0000000783080000)
  to   space 16896K, 0% used [0x0000000780f80000,0x0000000780f80000,0x0000000782000000)
 ParOldGen       total 189952K, used 17688K [0x00000006c6c00000, 0x00000006d2580000, 0x000000076cf00000)
  object space 189952K, 9% used [0x00000006c6c00000,0x00000006c7d463c8,0x00000006d2580000)
 Metaspace       used 45194K, capacity 47844K, committed 48000K, reserved 1091584K
  class space    used 5987K, capacity 6478K, committed 6528K, reserved 1048576K
Event: 898.936 GC heap after
Heap after GC invocations=16 (full 6):
 PSYoungGen      total 345088K, used 0K [0x000000076cf00000, 0x0000000783080000, 0x00000007c0000000)
  eden space 328192K, 0% used [0x000000076cf00000,0x000000076cf00000,0x0000000780f80000)
  from space 16896K, 0% used [0x0000000782000000,0x0000000782000000,0x0000000783080000)
  to   space 16896K, 0% used [0x0000000780f80000,0x0000000780f80000,0x0000000782000000)
 ParOldGen       total 189952K, used 17933K [0x00000006c6c00000, 0x00000006d2580000, 0x000000076cf00000)
  object space 189952K, 9% used [0x00000006c6c00000,0x00000006c7d836b8,0x00000006d2580000)
 Metaspace       used 45162K, capacity 47790K, committed 48000K, reserved 1091584K
  class space    used 5982K, capacity 6468K, committed 6528K, reserved 1048576K
}
Event: 918.829 GC heap before
{Heap before GC invocations=17 (full 6):
 PSYoungGen      total 345088K, used 163236K [0x000000076cf00000, 0x0000000783080000, 0x00000007c0000000)
  eden space 328192K, 49% used [0x000000076cf00000,0x0000000776e692e8,0x0000000780f80000)
  from space 16896K, 0% used [0x0000000782000000,0x0000000782000000,0x0000000783080000)
  to   space 16896K, 0% used [0x0000000780f80000,0x0000000780f80000,0x0000000782000000)
 ParOldGen       total 189952K, used 17933K [0x00000006c6c00000, 0x00000006d2580000, 0x000000076cf00000)
  object space 189952K, 9% used [0x00000006c6c00000,0x00000006c7d836b8,0x00000006d2580000)
 Metaspace       used 45558K, capacity 48244K, committed 48256K, reserved 1091584K
  class space    used 6024K, capacity 6522K, committed 6528K, reserved 1048576K
Event: 918.834 GC heap after
Heap after GC invocations=17 (full 6):
 PSYoungGen      total 332800K, used 4194K [0x000000076cf00000, 0x0000000782f80000, 0x00000007c0000000)
  eden space 328192K, 0% used [0x000000076cf00000,0x000000076cf00000,0x0000000780f80000)
  from space 4608K, 91% used [0x0000000780f80000,0x0000000781398840,0x0000000781400000)
  to   space 16384K, 0% used [0x0000000781f80000,0x0000000781f80000,0x0000000782f80000)
 ParOldGen       total 189952K, used 17941K [0x00000006c6c00000, 0x00000006d2580000, 0x000000076cf00000)
  object space 189952K, 9% used [0x00000006c6c00000,0x00000006c7d856b8,0x00000006d2580000)
 Metaspace       used 45558K, capacity 48244K, committed 48256K, reserved 1091584K
  class space    used 6024K, capacity 6522K, committed 6528K, reserved 1048576K
}
Event: 918.834 GC heap before
{Heap before GC invocations=18 (full 7):
 PSYoungGen      total 332800K, used 4194K [0x000000076cf00000, 0x0000000782f80000, 0x00000007c0000000)
  eden space 328192K, 0% used [0x000000076cf00000,0x000000076cf00000,0x0000000780f80000)
  from space 4608K, 91% used [0x0000000780f80000,0x0000000781398840,0x0000000781400000)
  to   space 16384K, 0% used [0x0000000781f80000,0x0000000781f80000,0x0000000782f80000)
 ParOldGen       total 189952K, used 17941K [0x00000006c6c00000, 0x00000006d2580000, 0x000000076cf00000)
  object space 189952K, 9% used [0x00000006c6c00000,0x00000006c7d856b8,0x00000006d2580000)
 Metaspace       used 45558K, capacity 48244K, committed 48256K, reserved 1091584K
  class space    used 6024K, capacity 6522K, committed 6528K, reserved 1048576K
Event: 918.933 GC heap after
Heap after GC invocations=18 (full 7):
 PSYoungGen      total 332800K, used 0K [0x000000076cf00000, 0x0000000782f80000, 0x00000007c0000000)
  eden space 328192K, 0% used [0x000000076cf00000,0x000000076cf00000,0x0000000780f80000)
  from space 4608K, 0% used [0x0000000780f80000,0x0000000780f80000,0x0000000781400000)
  to   space 16384K, 0% used [0x0000000781f80000,0x0000000781f80000,0x0000000782f80000)
 ParOldGen       total 189952K, used 18162K [0x00000006c6c00000, 0x00000006d2580000, 0x000000076cf00000)
  object space 189952K, 9% used [0x00000006c6c00000,0x00000006c7dbc948,0x00000006d2580000)
 Metaspace       used 45526K, capacity 48190K, committed 48256K, reserved 1091584K
  class space    used 6019K, capacity 6512K, committed 6528K, reserved 1048576K
}
Event: 990.924 GC heap before
{Heap before GC invocations=19 (full 7):
 PSYoungGen      total 332800K, used 176920K [0x000000076cf00000, 0x0000000782f80000, 0x00000007c0000000)
  eden space 328192K, 53% used [0x000000076cf00000,0x0000000777bc6070,0x0000000780f80000)
  from space 4608K, 0% used [0x0000000780f80000,0x0000000780f80000,0x0000000781400000)
  to   space 16384K, 0% used [0x0000000781f80000,0x0000000781f80000,0x0000000782f80000)
 ParOldGen       total 189952K, used 18162K [0x00000006c6c00000, 0x00000006d2580000, 0x000000076cf00000)
  object space 189952K, 9% used [0x00000006c6c00000,0x00000006c7dbc948,0x00000006d2580000)
 Metaspace       used 46012K, capacity 48824K, committed 48896K, reserved 1091584K
  class space    used 6077K, capacity 6596K, committed 6656K, reserved 1048576K
Event: 990.928 GC heap after
Heap after GC invocations=19 (full 7):
 PSYoungGen      total 343552K, used 4242K [0x000000076cf00000, 0x0000000782e80000, 0x00000007c0000000)
  eden space 328192K, 0% used [0x000000076cf00000,0x000000076cf00000,0x0000000780f80000)
  from space 15360K, 27% used [0x0000000781f80000,0x00000007823a49e8,0x0000000782e80000)
  to   space 15872K, 0% used [0x0000000780f80000,0x0000000780f80000,0x0000000781f00000)
 ParOldGen       total 189952K, used 18170K [0x00000006c6c00000, 0x00000006d2580000, 0x000000076cf00000)
  object space 189952K, 9% used [0x00000006c6c00000,0x00000006c7dbe948,0x00000006d2580000)
 Metaspace       used 46012K, capacity 48824K, committed 48896K, reserved 1091584K
  class space    used 6077K, capacity 6596K, committed 6656K, reserved 1048576K
}
Event: 990.928 GC heap before
{Heap before GC invocations=20 (full 8):
 PSYoungGen      total 343552K, used 4242K [0x000000076cf00000, 0x0000000782e80000, 0x00000007c0000000)
  eden space 328192K, 0% used [0x000000076cf00000,0x000000076cf00000,0x0000000780f80000)
  from space 15360K, 27% used [0x0000000781f80000,0x00000007823a49e8,0x0000000782e80000)
  to   space 15872K, 0% used [0x0000000780f80000,0x0000000780f80000,0x0000000781f00000)
 ParOldGen       total 189952K, used 18170K [0x00000006c6c00000, 0x00000006d2580000, 0x000000076cf00000)
  object space 189952K, 9% used [0x00000006c6c00000,0x00000006c7dbe948,0x00000006d2580000)
 Metaspace       used 46012K, capacity 48824K, committed 48896K, reserved 1091584K
  class space    used 6077K, capacity 6596K, committed 6656K, reserved 1048576K

